d:\githubproj\krusrenderer\krusrenderer\x64\debug\vc143.pdb
d:\githubproj\krusrenderer\krusrenderer\x64\debug\vc143.idb
d:\githubproj\krusrenderer\krusrenderer\x64\debug\main.nativecodeanalysis.sarif
d:\githubproj\krusrenderer\krusrenderer\x64\debug\main.nativecodeanalysis.xml
d:\githubproj\krusrenderer\krusrenderer\x64\debug\model.nativecodeanalysis.sarif
d:\githubproj\krusrenderer\krusrenderer\x64\debug\model.nativecodeanalysis.xml
d:\githubproj\krusrenderer\krusrenderer\x64\debug\tgaimage.nativecodeanalysis.sarif
d:\githubproj\krusrenderer\krusrenderer\x64\debug\tgaimage.nativecodeanalysis.xml
d:\githubproj\krusrenderer\krusrenderer\x64\debug\tgaimage.obj
d:\githubproj\krusrenderer\krusrenderer\x64\debug\model.obj
d:\githubproj\krusrenderer\krusrenderer\x64\debug\main.obj
d:\githubproj\krusrenderer\x64\debug\krusrenderer.exe
d:\githubproj\krusrenderer\x64\debug\krusrenderer.pdb
d:\githubproj\krusrenderer\krusrenderer\x64\debug\krusrenderer.ilk
d:\githubproj\krusrenderer\krusrenderer\x64\debug\vc.nativecodeanalysis.all.xml
d:\githubproj\krusrenderer\krusrenderer\x64\debug\krusrenderer.tlog\cl.command.1.tlog
d:\githubproj\krusrenderer\krusrenderer\x64\debug\krusrenderer.tlog\cl.items.tlog
d:\githubproj\krusrenderer\krusrenderer\x64\debug\krusrenderer.tlog\cl.read.1.tlog
d:\githubproj\krusrenderer\krusrenderer\x64\debug\krusrenderer.tlog\cl.write.1.tlog
d:\githubproj\krusrenderer\krusrenderer\x64\debug\krusrenderer.tlog\link.command.1.tlog
d:\githubproj\krusrenderer\krusrenderer\x64\debug\krusrenderer.tlog\link.read.1.tlog
d:\githubproj\krusrenderer\krusrenderer\x64\debug\krusrenderer.tlog\link.secondary.1.tlog
d:\githubproj\krusrenderer\krusrenderer\x64\debug\krusrenderer.tlog\link.write.1.tlog
